<?xml version="1.0" encoding="UTF-8"?>
<!-- Generated by org.testng.reporters.JUnitReportReporter -->
<testsuite skipped="0" hostname="AIPL2807LT03573" name="com.freecrm.smoke.LoginTest" tests="1" failures="0" timestamp="2020-08-01T18:53:03 IST" time="29.291" errors="0">
  <testcase name="login2FreeCRMTest" time="29.291" classname="com.freecrm.smoke.LoginTest"/>
</testsuite> <!-- com.freecrm.smoke.LoginTest -->
